#
# A fatal error has been detected by the Java Runtime Environment:
#
#  EXCEPTION_ACCESS_VIOLATION (0xc0000005) at pc=0x00007ffee9ebf427, pid=22076, tid=5772
#
# JRE version: OpenJDK Runtime Environment (17.0.10) (build 17.0.10+0--11572160)
# Java VM: OpenJDK 64-Bit Server VM (17.0.10+0--11572160, mixed mode, tiered, compressed oops, compressed class ptrs, g1 gc, windows-amd64)
# Problematic frame:
# V  [jvm.dll+0x36f427]
#
# No core dump will be written. Minidumps are not enabled by default on client versions of Windows
#
# If you would like to submit a bug report, please visit:
#   https://bugreport.java.com/bugreport/crash.jsp
#

---------------  S U M M A R Y ------------

Command Line: --add-opens=java.base/java.util=ALL-UNNAMED --add-opens=java.base/java.lang=ALL-UNNAMED --add-opens=java.base/java.lang.invoke=ALL-UNNAMED --add-opens=java.prefs/java.util.prefs=ALL-UNNAMED --add-opens=java.base/java.nio.charset=ALL-UNNAMED --add-opens=java.base/java.net=ALL-UNNAMED --add-opens=java.base/java.util.concurrent.atomic=ALL-UNNAMED -Xmx2048m -Dfile.encoding=UTF-8 -Duser.country=US -Duser.language=en -Duser.variant -javaagent:C:\Users\LENOVO\.gradle\wrapper\dists\gradle-8.6-bin\afr5mpiioh2wthjmwnkmdsd5w\gradle-8.6\lib\agents\gradle-instrumentation-agent-8.6.jar org.gradle.launcher.daemon.bootstrap.GradleDaemon 8.6

Host: Intel(R) Core(TM) i5-6200U CPU @ 2.30GHz, 4 cores, 19G,  Windows 11 , 64 bit Build 22000 (10.0.22000.2538)
Time: Sun Jun 23 12:07:00 2024 Egypt Daylight Time elapsed time: 114.277027 seconds (0d 0h 1m 54s)

---------------  T H R E A D  ---------------

Current thread (0x0000024cd40998e0):  JavaThread "C2 CompilerThread0" daemon [_thread_in_native, id=5772, stack(0x000000964b000000,0x000000964b100000)]


Current CompileTask:
C2: 114277 7057       4       java.util.AbstractCollection::addAll (42 bytes)

Stack: [0x000000964b000000,0x000000964b100000],  sp=0x000000964b0fb580,  free space=1005k
Native frames: (J=compiled Java code, j=interpreted, Vv=VM code, C=native code)
V  [jvm.dll+0x36f427]
V  [jvm.dll+0x36c8ea]
V  [jvm.dll+0x6b0037]
V  [jvm.dll+0x6aea7a]
V  [jvm.dll+0x21ea60]
V  [jvm.dll+0x21cdb1]
V  [jvm.dll+0x1a60ad]
V  [jvm.dll+0x22cd78]
V  [jvm.dll+0x22aeb0]
V  [jvm.dll+0x7f6917]
V  [jvm.dll+0x7f0d1a]
V  [jvm.dll+0x687d05]
C  [ucrtbase.dll+0x26c0c]
C  [KERNEL32.DLL+0x153e0]
C  [ntdll.dll+0x485b]


siginfo: EXCEPTION_ACCESS_VIOLATION (0xc0000005), reading address 0x0000000000000000


Registers:
RAX=0x0000000000000000, RBX=0x0000024cd4464800, RCX=0x0000024cd4464800, RDX=0x000000964b0fb820
RSP=0x000000964b0fb580, RBP=0x00000000000001c4, RSI=0x0000024cd4464a50, RDI=0x000000964b0fb820
R8 =0x0000024cd4464b30, R9 =0x0000024cd4464b88, R10=0x0000000000000fff, R11=0x0000024cd40c6518
R12=0x0000000000000000, R13=0x0000024cb65d59f0, R14=0x0000024cd4464ac0, R15=0x0000024cd446a888
RIP=0x00007ffee9ebf427, EFLAGS=0x0000000000010246


Register to memory mapping:

RIP=0x00007ffee9ebf427 jvm.dll
RAX=0x0 is NULL
RBX=0x0000024cd4464800 points into unknown readable memory: 0x0000000000000000 | 00 00 00 00 00 00 00 00
RCX=0x0000024cd4464800 points into unknown readable memory: 0x0000000000000000 | 00 00 00 00 00 00 00 00
RDX=0x000000964b0fb820 is pointing into the stack for thread: 0x0000024cd40998e0
RSP=0x000000964b0fb580 is pointing into the stack for thread: 0x0000024cd40998e0
RBP=0x00000000000001c4 is an unknown value
RSI=0x0000024cd4464a50 points into unknown readable memory: 0x00007ffeea471780 | 80 17 47 ea fe 7f 00 00
RDI=0x000000964b0fb820 is pointing into the stack for thread: 0x0000024cd40998e0
R8 =0x0000024cd4464b30 points into unknown readable memory: 0x00007ffeea476098 | 98 60 47 ea fe 7f 00 00
R9 =0x0000024cd4464b88 points into unknown readable memory: 0x0000000000000000 | 00 00 00 00 00 00 00 00
R10=0x0000000000000fff is an unknown value
R11=0x0000024cd40c6518 points into unknown readable memory: 0x00007ffeea3ff2e0 | e0 f2 3f ea fe 7f 00 00
R12=0x0 is NULL
R13=0x0000024cb65d59f0 points into unknown readable memory: 0x00007ffeea4b0870 | 70 08 4b ea fe 7f 00 00
R14=0x0000024cd4464ac0 points into unknown readable memory: 0x00007ffeea475ef0 | f0 5e 47 ea fe 7f 00 00
R15=0x0000024cd446a888 points into unknown readable memory: 0x00007ffeea4f8068 | 68 80 4f ea fe 7f 00 00


Top of Stack: (sp=0x000000964b0fb580)
0x000000964b0fb580:   0000024cd4464ac0 00007ffee9ebce37
0x000000964b0fb590:   0000024cd4464ac0 000000964b0fb820
0x000000964b0fb5a0:   0000024cd446a888 0000000000000e20
0x000000964b0fb5b0:   000000964b0fb820 00007ffee9ebc8ea
0x000000964b0fb5c0:   0000024cd4464ac0 00000000000001c4
0x000000964b0fb5d0:   000000964b0fb820 0000000000000000
0x000000964b0fb5e0:   0000000000000000 00007ffeea200037
0x000000964b0fb5f0:   0000024cd4464ac0 0000024c00000023
0x000000964b0fb600:   0000024cd4464ac0 000000964b0fb820
0x000000964b0fb610:   000000964b0fb820 00007ffeea1fea7a
0x000000964b0fb620:   000000964b0fe7e0 00000000000001c4
0x000000964b0fb630:   0000024cd4464ac0 0000024cd468a2d8
0x000000964b0fb640:   0000000000000050 00007ffeea49dff0
0x000000964b0fb650:   0000000000000020 00007ffee9d6ea60
0x000000964b0fb660:   0000000000000000 0000024ccfbbf380
0x000000964b0fb670:   000000964b0fe7e0 000000964b0fb760
0x000000964b0fb680:   0000024cd6074700 0000024cd40c6b20
0x000000964b0fb690:   0000024cd40c0000 0000000000000000
0x000000964b0fb6a0:   0000024cd40c6b20 0000000000000000
0x000000964b0fb6b0:   0000000000000000 00007ffeea49dff0
0x000000964b0fb6c0:   0000000000000000 0000000000000000
0x000000964b0fb6d0:   0000000000000000 00007ffeea49dff0
0x000000964b0fb6e0:   0000000000000000 00007ffeea1fb010
0x000000964b0fb6f0:   0000000000000000 000000964b0fdd80
0x000000964b0fb700:   0000000000000000 0000024cd40c6550
0x000000964b0fb710:   000000964b0fb770 00007ffee9e953ea
0x000000964b0fb720:   0000024cd50d87a0 000000000000001d
0x000000964b0fb730:   0000024cd6072dd8 0000024cd60738e8
0x000000964b0fb740:   0000024cd40c6550 00007ffeea1e90e9
0x000000964b0fb750:   000000964b0fb880 0000000000000000
0x000000964b0fb760:   0000000000000000 0000024cd40c6b70
0x000000964b0fb770:   00007ffeea4bdc58 0000009600000001 

Instructions: (pc=0x00007ffee9ebf427)
0x00007ffee9ebf327:   c8 f3 41 0f 10 45 3c f3 41 0f 10 5d 38 f3 0f 11
0x00007ffee9ebf337:   44 24 20 4c 8b 42 08 48 8b 12 e8 5a 85 d4 ff 48
0x00007ffee9ebf347:   8d 05 73 1e 60 00 c7 47 2c 55 00 00 00 48 89 07
0x00007ffee9ebf357:   48 8b d7 49 8b 06 49 8b ce ff 50 08 4c 8b e8 eb
0x00007ffee9ebf367:   21 49 8b 06 33 ff 8b d7 49 8b ce ff 50 08 4c 8b
0x00007ffee9ebf377:   e8 eb 0f 48 39 6c 24 70 74 08 8d 9f c0 00 00 00
0x00007ffee9ebf387:   f7 d3 8b d3 49 8b ce e8 dd f1 33 00 49 8d 8e 88
0x00007ffee9ebf397:   09 00 00 48 8b d5 48 8b d8 e8 8b ee 33 00 49 8d
0x00007ffee9ebf3a7:   8e e0 09 00 00 48 8b d5 e8 5c 4a d3 ff 4d 8b ce
0x00007ffee9ebf3b7:   4c 8b c3 ba 05 00 00 00 48 8b cd e8 29 00 34 00
0x00007ffee9ebf3c7:   48 8b 5c 24 78 49 8b c5 48 83 c4 30 41 5f 41 5e
0x00007ffee9ebf3d7:   41 5d 41 5c 5f 5e 5d c3 cc 48 89 5c 24 08 48 89
0x00007ffee9ebf3e7:   6c 24 10 48 89 74 24 18 57 41 56 41 57 48 83 ec
0x00007ffee9ebf3f7:   20 48 8b 41 08 48 8b fa 4c 8b f1 48 8b 70 08 8b
0x00007ffee9ebf407:   46 2c 25 ff 01 00 00 3d 00 01 00 00 0f 85 65 01
0x00007ffee9ebf417:   00 00 48 8b 46 08 48 8b 58 08 48 8b cb 48 8b 03
0x00007ffee9ebf427:   ff 10 83 f8 4f 0f 85 4c 01 00 00 48 8b 5b 08 48
0x00007ffee9ebf437:   8b 57 50 48 8b 43 10 8b 48 28 48 8b 2c ca 48 3b
0x00007ffee9ebf447:   2d 2c b3 85 00 74 0d 48 3b 2d 2b b3 85 00 0f 85
0x00007ffee9ebf457:   23 01 00 00 48 8b 5b 08 8b 43 2c 83 e0 0f 3c 0c
0x00007ffee9ebf467:   0f 85 11 01 00 00 8b 4b 28 48 8b 05 11 b3 85 00
0x00007ffee9ebf477:   48 39 04 ca 0f 85 fd 00 00 00 33 d2 48 8b cb e8
0x00007ffee9ebf487:   15 bb e4 ff 44 8b d0 85 c0 0f 84 e8 00 00 00 48
0x00007ffee9ebf497:   8b 5b 08 48 8b 0b 48 8b 51 08 48 8b 4a 08 48 8b
0x00007ffee9ebf4a7:   51 08 48 8b 0a 49 3b ce 0f 84 c9 00 00 00 48 8b
0x00007ffee9ebf4b7:   49 08 8b 46 38 4c 8b 79 08 a9 fb ff ff ff 0f 85
0x00007ffee9ebf4c7:   b3 00 00 00 4c 8b 0d a6 b2 85 00 45 33 c0 83 f8
0x00007ffee9ebf4d7:   04 41 0f 94 c0 49 3b e9 75 0b b8 01 00 00 00 41
0x00007ffee9ebf4e7:   2b c0 44 8b c0 48 8b 43 08 48 8b 57 50 8b 48 28
0x00007ffee9ebf4f7:   48 8b 43 10 4c 8b 1c ca 8b 48 28 48 8b 04 ca 4d
0x00007ffee9ebf507:   3b d9 75 16 48 3b 05 6e b2 85 00 75 6a b8 01 00
0x00007ffee9ebf517:   00 00 41 2b c0 44 8b c0 eb 0e 4c 3b 1d 58 b2 85 


Stack slot to memory mapping:
stack at sp + 0 slots: 0x0000024cd4464ac0 points into unknown readable memory: 0x00007ffeea475ef0 | f0 5e 47 ea fe 7f 00 00
stack at sp + 1 slots: 0x00007ffee9ebce37 jvm.dll
stack at sp + 2 slots: 0x0000024cd4464ac0 points into unknown readable memory: 0x00007ffeea475ef0 | f0 5e 47 ea fe 7f 00 00
stack at sp + 3 slots: 0x000000964b0fb820 is pointing into the stack for thread: 0x0000024cd40998e0
stack at sp + 4 slots: 0x0000024cd446a888 points into unknown readable memory: 0x00007ffeea4f8068 | 68 80 4f ea fe 7f 00 00
stack at sp + 5 slots: 0x0000000000000e20 is an unknown value
stack at sp + 6 slots: 0x000000964b0fb820 is pointing into the stack for thread: 0x0000024cd40998e0
stack at sp + 7 slots: 0x00007ffee9ebc8ea jvm.dll


---------------  P R O C E S S  ---------------

Threads class SMR info:
_java_thread_list=0x0000024cd7442cc0, length=41, elements={
0x0000024cb65be720, 0x0000024ccfbce850, 0x0000024cd406e7e0, 0x0000024cd4097270,
0x0000024cd4097b40, 0x0000024cd4098410, 0x0000024cd4098ce0, 0x0000024cd40998e0,
0x0000024cd409ab30, 0x0000024cd410ff70, 0x0000024cd4183df0, 0x0000024cd4340cd0,
0x0000024cd4c0b890, 0x0000024cd4c09f40, 0x0000024cd4c085f0, 0x0000024cd4c0a450,
0x0000024cd4c0a960, 0x0000024cd4c09520, 0x0000024cd4c0ae70, 0x0000024cd4c0b380,
0x0000024cd4c080e0, 0x0000024cd4c09a30, 0x0000024cd606f5a0, 0x0000024cd606fab0,
0x0000024cd606d230, 0x0000024cd606bdf0, 0x0000024cd606b3d0, 0x0000024cd606b8e0,
0x0000024cd606ffc0, 0x0000024cd606c300, 0x0000024cd606c810, 0x0000024cd606cd20,
0x0000024cd6069060, 0x0000024cd606e160, 0x0000024cd606f090, 0x0000024cd606aec0,
0x0000024cd60704d0, 0x0000024cd6069a80, 0x0000024cd6069f90, 0x0000024cd606a4a0,
0x0000024cd606a9b0
}

Java Threads: ( => current thread )
  0x0000024cb65be720 JavaThread "main" [_thread_blocked, id=26152, stack(0x000000964a300000,0x000000964a400000)]
  0x0000024ccfbce850 JavaThread "Reference Handler" daemon [_thread_blocked, id=13612, stack(0x000000964aa00000,0x000000964ab00000)]
  0x0000024cd406e7e0 JavaThread "Finalizer" daemon [_thread_blocked, id=21068, stack(0x000000964ab00000,0x000000964ac00000)]
  0x0000024cd4097270 JavaThread "Signal Dispatcher" daemon [_thread_blocked, id=21336, stack(0x000000964ac00000,0x000000964ad00000)]
  0x0000024cd4097b40 JavaThread "Attach Listener" daemon [_thread_blocked, id=24584, stack(0x000000964ad00000,0x000000964ae00000)]
  0x0000024cd4098410 JavaThread "Service Thread" daemon [_thread_blocked, id=8628, stack(0x000000964ae00000,0x000000964af00000)]
  0x0000024cd4098ce0 JavaThread "Monitor Deflation Thread" daemon [_thread_blocked, id=25984, stack(0x000000964af00000,0x000000964b000000)]
=>0x0000024cd40998e0 JavaThread "C2 CompilerThread0" daemon [_thread_in_native, id=5772, stack(0x000000964b000000,0x000000964b100000)]
  0x0000024cd409ab30 JavaThread "C1 CompilerThread0" daemon [_thread_blocked, id=13756, stack(0x000000964b100000,0x000000964b200000)]
  0x0000024cd410ff70 JavaThread "Sweeper thread" daemon [_thread_blocked, id=2528, stack(0x000000964b200000,0x000000964b300000)]
  0x0000024cd4183df0 JavaThread "Common-Cleaner" daemon [_thread_blocked, id=15540, stack(0x000000964b300000,0x000000964b400000)]
  0x0000024cd4340cd0 JavaThread "Notification Thread" daemon [_thread_blocked, id=24524, stack(0x000000964b400000,0x000000964b500000)]
  0x0000024cd4c0b890 JavaThread "Daemon health stats" [_thread_blocked, id=5240, stack(0x000000964ba00000,0x000000964bb00000)]
  0x0000024cd4c09f40 JavaThread "Incoming local TCP Connector on port 63080" [_thread_in_native, id=3496, stack(0x000000964a100000,0x000000964a200000)]
  0x0000024cd4c085f0 JavaThread "Daemon periodic checks" [_thread_blocked, id=22712, stack(0x000000964bb00000,0x000000964bc00000)]
  0x0000024cd4c0a450 JavaThread "Daemon" [_thread_blocked, id=27248, stack(0x000000964bc00000,0x000000964bd00000)]
  0x0000024cd4c0a960 JavaThread "Handler for socket connection from /127.0.0.1:63080 to /127.0.0.1:63087" [_thread_in_native, id=26356, stack(0x000000964bd00000,0x000000964be00000)]
  0x0000024cd4c09520 JavaThread "Cancel handler" [_thread_blocked, id=26900, stack(0x000000964be00000,0x000000964bf00000)]
  0x0000024cd4c0ae70 JavaThread "Daemon worker" [_thread_in_native, id=28212, stack(0x000000964bf00000,0x000000964c000000)]
  0x0000024cd4c0b380 JavaThread "Asynchronous log dispatcher for DefaultDaemonConnection: socket connection from /127.0.0.1:63080 to /127.0.0.1:63087" [_thread_blocked, id=24540, stack(0x000000964c000000,0x000000964c100000)]
  0x0000024cd4c080e0 JavaThread "Daemon client event forwarder" [_thread_blocked, id=5820, stack(0x000000964c200000,0x000000964c300000)]
  0x0000024cd4c09a30 JavaThread "Cache worker for journal cache (C:\Users\LENOVO\.gradle\caches\journal-1)" [_thread_blocked, id=28752, stack(0x000000964c300000,0x000000964c400000)]
  0x0000024cd606f5a0 JavaThread "File lock request listener" [_thread_in_native, id=3168, stack(0x000000964c400000,0x000000964c500000)]
  0x0000024cd606fab0 JavaThread "Cache worker for file hash cache (C:\Users\LENOVO\.gradle\caches\8.6\fileHashes)" [_thread_blocked, id=16576, stack(0x000000964c500000,0x000000964c600000)]
  0x0000024cd606d230 JavaThread "File watcher server" daemon [_thread_in_native, id=23104, stack(0x000000964c700000,0x000000964c800000)]
  0x0000024cd606bdf0 JavaThread "File watcher consumer" daemon [_thread_blocked, id=19276, stack(0x000000964c800000,0x000000964c900000)]
  0x0000024cd606b3d0 JavaThread "Cache worker for checksums cache (E:\ITI\Shop-app\.gradle\8.6\checksums)" [_thread_blocked, id=1964, stack(0x000000964c600000,0x000000964c700000)]
  0x0000024cd606b8e0 JavaThread "Cache worker for file hash cache (E:\ITI\Shop-app\.gradle\8.6\fileHashes)" [_thread_blocked, id=7796, stack(0x000000964c900000,0x000000964ca00000)]
  0x0000024cd606ffc0 JavaThread "Cache worker for cache directory md-supplier (C:\Users\LENOVO\.gradle\caches\8.6\md-supplier)" [_thread_blocked, id=22112, stack(0x000000964ca00000,0x000000964cb00000)]
  0x0000024cd606c300 JavaThread "Cache worker for cache directory md-rule (C:\Users\LENOVO\.gradle\caches\8.6\md-rule)" [_thread_blocked, id=27104, stack(0x000000964cb00000,0x000000964cc00000)]
  0x0000024cd606c810 JavaThread "Cache worker for file content cache (C:\Users\LENOVO\.gradle\caches\8.6\fileContent)" [_thread_blocked, id=13324, stack(0x000000964cc00000,0x000000964cd00000)]
  0x0000024cd606cd20 JavaThread "File lock release action executor" [_thread_blocked, id=19004, stack(0x000000964cd00000,0x000000964ce00000)]
  0x0000024cd6069060 JavaThread "jar transforms" [_thread_blocked, id=10912, stack(0x000000964a200000,0x000000964a300000)]
  0x0000024cd606e160 JavaThread "jar transforms Thread 2" [_thread_blocked, id=10780, stack(0x000000964d000000,0x000000964d100000)]
  0x0000024cd606f090 JavaThread "jar transforms Thread 3" [_thread_blocked, id=1728, stack(0x000000964d100000,0x000000964d200000)]
  0x0000024cd606aec0 JavaThread "jar transforms Thread 4" [_thread_blocked, id=17840, stack(0x000000964d200000,0x000000964d300000)]
  0x0000024cd60704d0 JavaThread "Cache worker for Build Output Cleanup Cache (E:\ITI\Shop-app\.gradle\buildOutputCleanup)" [_thread_blocked, id=25112, stack(0x000000964a000000,0x000000964a100000)]
  0x0000024cd6069a80 JavaThread "Unconstrained build operations" [_thread_blocked, id=7116, stack(0x000000964c100000,0x000000964c200000)]
  0x0000024cd6069f90 JavaThread "Unconstrained build operations Thread 2" [_thread_blocked, id=28028, stack(0x000000964d300000,0x000000964d400000)]
  0x0000024cd606a4a0 JavaThread "Unconstrained build operations Thread 3" [_thread_blocked, id=23512, stack(0x000000964d400000,0x000000964d500000)]
  0x0000024cd606a9b0 JavaThread "File lock release action executor Thread 2" [_thread_blocked, id=14000, stack(0x000000964d500000,0x000000964d600000)]

Other Threads:
  0x0000024ccfbcc910 VMThread "VM Thread" [stack: 0x000000964a900000,0x000000964aa00000] [id=13848]
  0x0000024cb65bf5a0 WatcherThread [stack: 0x000000964b500000,0x000000964b600000] [id=13384]
  0x0000024cb6617ba0 GCTaskThread "GC Thread#0" [stack: 0x000000964a400000,0x000000964a500000] [id=1980]
  0x0000024cd472f270 GCTaskThread "GC Thread#1" [stack: 0x000000964b600000,0x000000964b700000] [id=13744]
  0x0000024cd49fbfd0 GCTaskThread "GC Thread#2" [stack: 0x000000964b700000,0x000000964b800000] [id=13748]
  0x0000024cd49fc290 GCTaskThread "GC Thread#3" [stack: 0x000000964b800000,0x000000964b900000] [id=15228]
  0x0000024cb6628af0 ConcurrentGCThread "G1 Main Marker" [stack: 0x000000964a500000,0x000000964a600000] [id=25208]
  0x0000024cb6629510 ConcurrentGCThread "G1 Conc#0" [stack: 0x000000964a600000,0x000000964a700000] [id=26524]
  0x0000024cb667e990 ConcurrentGCThread "G1 Refine#0" [stack: 0x000000964a700000,0x000000964a800000] [id=1264]
  0x0000024cd47f3240 ConcurrentGCThread "G1 Refine#1" [stack: 0x000000964b900000,0x000000964ba00000] [id=10676]
  0x0000024ccfa725c0 ConcurrentGCThread "G1 Service" [stack: 0x000000964a800000,0x000000964a900000] [id=24340]

Threads with active compile tasks:
C2 CompilerThread0   114569 7057       4       java.util.AbstractCollection::addAll (42 bytes)

VM state: not at safepoint (normal execution)

VM Mutex/Monitor currently owned by a thread: None

Heap address: 0x0000000080000000, size: 2048 MB, Compressed Oops mode: 32-bit

CDS archive(s) not mapped
Compressed class space mapped at: 0x0000000100000000-0x0000000140000000, reserved size: 1073741824
Narrow klass base: 0x0000000000000000, Narrow klass shift: 3, Narrow klass range: 0x140000000

GC Precious Log:
 CPUs: 4 total, 4 available
 Memory: 20353M
 Large Page Support: Disabled
 NUMA Support: Disabled
 Compressed Oops: Enabled (32-bit)
 Heap Region Size: 1M
 Heap Min Capacity: 8M
 Heap Initial Capacity: 320M
 Heap Max Capacity: 2G
 Pre-touch: Disabled
 Parallel Workers: 4
 Concurrent Workers: 1
 Concurrent Refinement Workers: 4
 Periodic GC: Disabled

Heap:
 garbage-first heap   total 80896K, used 45550K [0x0000000080000000, 0x0000000100000000)
  region size 1024K, 5 young (5120K), 1 survivors (1024K)
 Metaspace       used 55096K, committed 55616K, reserved 1114112K
  class space    used 7451K, committed 7680K, reserved 1048576K

Heap Regions: E=young(eden), S=young(survivor), O=old, HS=humongous(starts), HC=humongous(continues), CS=collection set, F=free, OA=open archive, CA=closed archive, TAMS=top-at-mark-start (previous, next)
|   0|0x0000000080000000, 0x0000000080100000, 0x0000000080100000|100%|HS|  |TAMS 0x0000000080100000, 0x0000000080000000| Complete 
|   1|0x0000000080100000, 0x0000000080200000, 0x0000000080200000|100%|HC|  |TAMS 0x0000000080200000, 0x0000000080100000| Complete 
|   2|0x0000000080200000, 0x0000000080300000, 0x0000000080300000|100%|HC|  |TAMS 0x0000000080300000, 0x0000000080200000| Complete 
|   3|0x0000000080300000, 0x0000000080400000, 0x0000000080400000|100%|HC|  |TAMS 0x0000000080400000, 0x0000000080300000| Complete 
|   4|0x0000000080400000, 0x0000000080500000, 0x0000000080500000|100%| O|  |TAMS 0x0000000080500000, 0x0000000080400000| Untracked 
|   5|0x0000000080500000, 0x0000000080600000, 0x0000000080600000|100%| O|  |TAMS 0x0000000080600000, 0x0000000080500000| Untracked 
|   6|0x0000000080600000, 0x0000000080700000, 0x0000000080700000|100%| O|  |TAMS 0x0000000080700000, 0x0000000080600000| Untracked 
|   7|0x0000000080700000, 0x0000000080800000, 0x0000000080800000|100%| O|  |TAMS 0x0000000080800000, 0x0000000080700000| Untracked 
|   8|0x0000000080800000, 0x0000000080900000, 0x0000000080900000|100%| O|  |TAMS 0x0000000080900000, 0x0000000080800000| Untracked 
|   9|0x0000000080900000, 0x00000000809a8000, 0x0000000080a00000| 65%| O|  |TAMS 0x00000000809a8000, 0x0000000080900000| Untracked 
|  10|0x0000000080a00000, 0x0000000080b00000, 0x0000000080b00000|100%| O|  |TAMS 0x0000000080b00000, 0x0000000080a00000| Untracked 
|  11|0x0000000080b00000, 0x0000000080c00000, 0x0000000080c00000|100%| O|  |TAMS 0x0000000080c00000, 0x0000000080b00000| Untracked 
|  12|0x0000000080c00000, 0x0000000080d00000, 0x0000000080d00000|100%| O|  |TAMS 0x0000000080d00000, 0x0000000080c00000| Untracked 
|  13|0x0000000080d00000, 0x0000000080e00000, 0x0000000080e00000|100%| O|  |TAMS 0x0000000080e00000, 0x0000000080d00000| Untracked 
|  14|0x0000000080e00000, 0x0000000080f00000, 0x0000000080f00000|100%| O|  |TAMS 0x0000000080f00000, 0x0000000080e00000| Untracked 
|  15|0x0000000080f00000, 0x0000000081000000, 0x0000000081000000|100%| O|  |TAMS 0x0000000081000000, 0x0000000080f00000| Untracked 
|  16|0x0000000081000000, 0x0000000081100000, 0x0000000081100000|100%| O|  |TAMS 0x0000000081100000, 0x0000000081000000| Untracked 
|  17|0x0000000081100000, 0x0000000081200000, 0x0000000081200000|100%| O|  |TAMS 0x0000000081200000, 0x0000000081100000| Untracked 
|  18|0x0000000081200000, 0x0000000081300000, 0x0000000081300000|100%| O|  |TAMS 0x0000000081300000, 0x0000000081200000| Untracked 
|  19|0x0000000081300000, 0x0000000081400000, 0x0000000081400000|100%| O|  |TAMS 0x0000000081400000, 0x0000000081300000| Untracked 
|  20|0x0000000081400000, 0x0000000081500000, 0x0000000081500000|100%| O|  |TAMS 0x0000000081500000, 0x0000000081400000| Untracked 
|  21|0x0000000081500000, 0x0000000081600000, 0x0000000081600000|100%| O|  |TAMS 0x0000000081600000, 0x0000000081500000| Untracked 
|  22|0x0000000081600000, 0x0000000081700000, 0x0000000081700000|100%| O|  |TAMS 0x0000000081700000, 0x0000000081600000| Untracked 
|  23|0x0000000081700000, 0x0000000081800000, 0x0000000081800000|100%| O|  |TAMS 0x0000000081800000, 0x0000000081700000| Untracked 
|  24|0x0000000081800000, 0x0000000081900000, 0x0000000081900000|100%| O|  |TAMS 0x0000000081900000, 0x0000000081800000| Untracked 
|  25|0x0000000081900000, 0x0000000081a00000, 0x0000000081a00000|100%| O|  |TAMS 0x0000000081a00000, 0x0000000081900000| Untracked 
|  26|0x0000000081a00000, 0x0000000081b00000, 0x0000000081b00000|100%| O|  |TAMS 0x0000000081b00000, 0x0000000081a00000| Untracked 
|  27|0x0000000081b00000, 0x0000000081c00000, 0x0000000081c00000|100%| O|  |TAMS 0x0000000081c00000, 0x0000000081b00000| Untracked 
|  28|0x0000000081c00000, 0x0000000081d00000, 0x0000000081d00000|100%| O|  |TAMS 0x0000000081d00000, 0x0000000081c00000| Untracked 
|  29|0x0000000081d00000, 0x0000000081e00000, 0x0000000081e00000|100%| O|  |TAMS 0x0000000081e00000, 0x0000000081d00000| Untracked 
|  30|0x0000000081e00000, 0x0000000081f00000, 0x0000000081f00000|100%| O|  |TAMS 0x0000000081f00000, 0x0000000081e00000| Untracked 
|  31|0x0000000081f00000, 0x0000000082000000, 0x0000000082000000|100%| O|  |TAMS 0x0000000082000000, 0x0000000081f00000| Untracked 
|  32|0x0000000082000000, 0x0000000082100000, 0x0000000082100000|100%| O|  |TAMS 0x0000000082100000, 0x0000000082000000| Untracked 
|  33|0x0000000082100000, 0x0000000082200000, 0x0000000082200000|100%| O|  |TAMS 0x0000000082200000, 0x0000000082100000| Untracked 
|  34|0x0000000082200000, 0x0000000082300000, 0x0000000082300000|100%| O|  |TAMS 0x0000000082300000, 0x0000000082200000| Untracked 
|  35|0x0000000082300000, 0x0000000082400000, 0x0000000082400000|100%| O|  |TAMS 0x0000000082400000, 0x0000000082300000| Untracked 
|  36|0x0000000082400000, 0x0000000082500000, 0x0000000082500000|100%| O|  |TAMS 0x00000000824f7e00, 0x0000000082400000| Untracked 
|  37|0x0000000082500000, 0x0000000082571600, 0x0000000082600000| 44%| O|  |TAMS 0x0000000082500000, 0x0000000082500000| Untracked 
|  38|0x0000000082600000, 0x0000000082700000, 0x0000000082700000|100%|HS|  |TAMS 0x0000000082600000, 0x0000000082600000| Complete 
|  39|0x0000000082700000, 0x0000000082800000, 0x0000000082800000|100%|HS|  |TAMS 0x0000000082700000, 0x0000000082700000| Complete 
|  40|0x0000000082800000, 0x0000000082900000, 0x0000000082900000|100%|HS|  |TAMS 0x0000000082800000, 0x0000000082800000| Complete 
|  41|0x0000000082900000, 0x0000000082a00000, 0x0000000082a00000|100%|HS|  |TAMS 0x0000000082900000, 0x0000000082900000| Complete 
|  42|0x0000000082a00000, 0x0000000082b00000, 0x0000000082b00000|100%|HC|  |TAMS 0x0000000082a00000, 0x0000000082a00000| Complete 
|  43|0x0000000082b00000, 0x0000000082b00000, 0x0000000082c00000|  0%| F|  |TAMS 0x0000000082b00000, 0x0000000082b00000| Untracked 
|  44|0x0000000082c00000, 0x0000000082c00000, 0x0000000082d00000|  0%| F|  |TAMS 0x0000000082c00000, 0x0000000082c00000| Untracked 
|  45|0x0000000082d00000, 0x0000000082d00000, 0x0000000082e00000|  0%| F|  |TAMS 0x0000000082d00000, 0x0000000082d00000| Untracked 
|  46|0x0000000082e00000, 0x0000000082e00000, 0x0000000082f00000|  0%| F|  |TAMS 0x0000000082e00000, 0x0000000082e00000| Untracked 
|  47|0x0000000082f00000, 0x0000000082f00000, 0x0000000083000000|  0%| F|  |TAMS 0x0000000082f00000, 0x0000000082f00000| Untracked 
|  48|0x0000000083000000, 0x0000000083000000, 0x0000000083100000|  0%| F|  |TAMS 0x0000000083000000, 0x0000000083000000| Untracked 
|  49|0x0000000083100000, 0x0000000083100000, 0x0000000083200000|  0%| F|  |TAMS 0x0000000083100000, 0x0000000083100000| Untracked 
|  50|0x0000000083200000, 0x0000000083200000, 0x0000000083300000|  0%| F|  |TAMS 0x0000000083200000, 0x0000000083200000| Untracked 
|  51|0x0000000083300000, 0x0000000083300000, 0x0000000083400000|  0%| F|  |TAMS 0x0000000083300000, 0x0000000083300000| Untracked 
|  52|0x0000000083400000, 0x0000000083400000, 0x0000000083500000|  0%| F|  |TAMS 0x0000000083400000, 0x0000000083400000| Untracked 
|  53|0x0000000083500000, 0x0000000083500000, 0x0000000083600000|  0%| F|  |TAMS 0x0000000083500000, 0x0000000083500000| Untracked 
|  54|0x0000000083600000, 0x0000000083600000, 0x0000000083700000|  0%| F|  |TAMS 0x0000000083600000, 0x0000000083600000| Untracked 
|  55|0x0000000083700000, 0x0000000083700000, 0x0000000083800000|  0%| F|  |TAMS 0x0000000083700000, 0x0000000083700000| Untracked 
|  56|0x0000000083800000, 0x0000000083800000, 0x0000000083900000|  0%| F|  |TAMS 0x0000000083800000, 0x0000000083800000| Untracked 
|  57|0x0000000083900000, 0x0000000083900000, 0x0000000083a00000|  0%| F|  |TAMS 0x0000000083900000, 0x0000000083900000| Untracked 
|  58|0x0000000083a00000, 0x0000000083a00000, 0x0000000083b00000|  0%| F|  |TAMS 0x0000000083a00000, 0x0000000083a00000| Untracked 
|  59|0x0000000083b00000, 0x0000000083b00000, 0x0000000083c00000|  0%| F|  |TAMS 0x0000000083b00000, 0x0000000083b00000| Untracked 
|  60|0x0000000083c00000, 0x0000000083c00000, 0x0000000083d00000|  0%| F|  |TAMS 0x0000000083c00000, 0x0000000083c00000| Untracked 
|  61|0x0000000083d00000, 0x0000000083d00000, 0x0000000083e00000|  0%| F|  |TAMS 0x0000000083d00000, 0x0000000083d00000| Untracked 
|  62|0x0000000083e00000, 0x0000000083e00000, 0x0000000083f00000|  0%| F|  |TAMS 0x0000000083e00000, 0x0000000083e00000| Untracked 
|  63|0x0000000083f00000, 0x0000000083f00000, 0x0000000084000000|  0%| F|  |TAMS 0x0000000083f00000, 0x0000000083f00000| Untracked 
|  64|0x0000000084000000, 0x0000000084000000, 0x0000000084100000|  0%| F|  |TAMS 0x0000000084000000, 0x0000000084000000| Untracked 
|  65|0x0000000084100000, 0x0000000084100000, 0x0000000084200000|  0%| F|  |TAMS 0x0000000084100000, 0x0000000084100000| Untracked 
|  66|0x0000000084200000, 0x0000000084200000, 0x0000000084300000|  0%| F|  |TAMS 0x0000000084200000, 0x0000000084200000| Untracked 
|  67|0x0000000084300000, 0x0000000084300000, 0x0000000084400000|  0%| F|  |TAMS 0x0000000084300000, 0x0000000084300000| Untracked 
|  68|0x0000000084400000, 0x0000000084400000, 0x0000000084500000|  0%| F|  |TAMS 0x0000000084400000, 0x0000000084400000| Untracked 
| 262|0x0000000090600000, 0x0000000090600000, 0x0000000090700000|  0%| F|  |TAMS 0x0000000090600000, 0x0000000090600000| Untracked 
| 263|0x0000000090700000, 0x0000000090700000, 0x0000000090800000|  0%| F|  |TAMS 0x0000000090700000, 0x0000000090700000| Untracked 
| 264|0x0000000090800000, 0x0000000090800000, 0x0000000090900000|  0%| F|  |TAMS 0x0000000090800000, 0x0000000090800000| Untracked 
| 265|0x0000000090900000, 0x0000000090900000, 0x0000000090a00000|  0%| F|  |TAMS 0x0000000090900000, 0x0000000090900000| Untracked 
| 266|0x0000000090a00000, 0x0000000090a00000, 0x0000000090b00000|  0%| F|  |TAMS 0x0000000090a00000, 0x0000000090a00000| Untracked 
| 267|0x0000000090b00000, 0x0000000090b62580, 0x0000000090c00000| 38%| S|CS|TAMS 0x0000000090b00000, 0x0000000090b00000| Complete 
| 268|0x0000000090c00000, 0x0000000090d00000, 0x0000000090d00000|100%| E|  |TAMS 0x0000000090c00000, 0x0000000090c00000| Complete 
| 269|0x0000000090d00000, 0x0000000090e00000, 0x0000000090e00000|100%| E|  |TAMS 0x0000000090d00000, 0x0000000090d00000| Complete 
| 270|0x0000000090e00000, 0x0000000090f00000, 0x0000000090f00000|100%| E|CS|TAMS 0x0000000090e00000, 0x0000000090e00000| Complete 
| 319|0x0000000093f00000, 0x0000000094000000, 0x0000000094000000|100%| E|CS|TAMS 0x0000000093f00000, 0x0000000093f00000| Complete 

Card table byte_map: [0x0000024cc8ea0000,0x0000024cc92a0000] _byte_map_base: 0x0000024cc8aa0000

Marking Bits (Prev, Next): (CMBitMap*) 0x0000024cb6618200, (CMBitMap*) 0x0000024cb66181c0
 Prev Bits: [0x0000024ccb6a0000, 0x0000024ccd6a0000)
 Next Bits: [0x0000024cc96a0000, 0x0000024ccb6a0000)

Polling page: 0x0000024cb5d80000

Metaspace:

Usage:
  Non-class:     46.53 MB used.
      Class:      7.28 MB used.
       Both:     53.81 MB used.

Virtual space:
  Non-class space:       64.00 MB reserved,      46.81 MB ( 73%) committed,  1 nodes.
      Class space:        1.00 GB reserved,       7.50 MB ( <1%) committed,  1 nodes.
             Both:        1.06 GB reserved,      54.31 MB (  5%) committed. 

Chunk freelists:
   Non-Class:  355.00 KB
       Class:  8.47 MB
        Both:  8.82 MB

MaxMetaspaceSize: unlimited
CompressedClassSpaceSize: 1.00 GB
Initial GC threshold: 21.00 MB
Current GC threshold: 90.44 MB
CDS: off
MetaspaceReclaimPolicy: balanced
 - commit_granule_bytes: 65536.
 - commit_granule_words: 8192.
 - virtual_space_node_default_size: 8388608.
 - enlarge_chunks_in_place: 1.
 - new_chunks_are_fully_committed: 0.
 - uncommit_free_chunks: 1.
 - use_allocation_guard: 0.
 - handle_deallocations: 1.


Internal statistics:

num_allocs_failed_limit: 6.
num_arena_births: 614.
num_arena_deaths: 0.
num_vsnodes_births: 2.
num_vsnodes_deaths: 0.
num_space_committed: 869.
num_space_uncommitted: 0.
num_chunks_returned_to_freelist: 6.
num_chunks_taken_from_freelist: 2468.
num_chunk_merges: 6.
num_chunk_splits: 1583.
num_chunks_enlarged: 1038.
num_inconsistent_stats: 0.

CodeHeap 'non-profiled nmethods': size=120000Kb used=3293Kb max_used=3293Kb free=116706Kb
 bounds [0x0000024cc1570000, 0x0000024cc18b0000, 0x0000024cc8aa0000]
CodeHeap 'profiled nmethods': size=120000Kb used=11606Kb max_used=11606Kb free=108393Kb
 bounds [0x0000024cb9aa0000, 0x0000024cba600000, 0x0000024cc0fd0000]
CodeHeap 'non-nmethods': size=5760Kb used=1621Kb max_used=1686Kb free=4138Kb
 bounds [0x0000024cc0fd0000, 0x0000024cc1240000, 0x0000024cc1570000]
 total_blobs=6976 nmethods=6280 adapters=608
 compilation: enabled
              stopped_count=0, restarted_count=0
 full_count=0

Compilation events (20 events):
Event: 110.983 Thread 0x0000024cd409ab30 nmethod 7050 0x0000024cba5ec810 code [0x0000024cba5eca20, 0x0000024cba5ecfd8]
Event: 111.433 Thread 0x0000024cd409ab30 7051       3       com.google.common.cache.LocalCache$AccessQueue::clear (61 bytes)
Event: 111.433 Thread 0x0000024cd409ab30 nmethod 7051 0x0000024cba5ed210 code [0x0000024cba5ed420, 0x0000024cba5edb38]
Event: 111.434 Thread 0x0000024cd40998e0 7052       4       java.util.concurrent.ConcurrentLinkedQueue::offer (120 bytes)
Event: 111.444 Thread 0x0000024cd40998e0 nmethod 7052 0x0000024cc18a4890 code [0x0000024cc18a4a20, 0x0000024cc18a4e38]
Event: 112.439 Thread 0x0000024cd40998e0 7053   !   4       java.util.concurrent.LinkedBlockingQueue::poll (128 bytes)
Event: 112.503 Thread 0x0000024cd40998e0 nmethod 7053 0x0000024cc18a5010 code [0x0000024cc18a5240, 0x0000024cc18a66f0]
Event: 112.503 Thread 0x0000024cd40998e0 7054       4       org.gradle.launcher.daemon.server.exec.DaemonConnectionBackedEventConsumer$ForwardEvents::moreMessagesToSend (35 bytes)
Event: 112.504 Thread 0x0000024cd40998e0 nmethod 7054 0x0000024cc18a7310 code [0x0000024cc18a7480, 0x0000024cc18a7538]
Event: 113.439 Thread 0x0000024cd409ab30 7055       3       org.gradle.internal.serialize.InputStreamBackedDecoder::readBoolean (8 bytes)
Event: 113.439 Thread 0x0000024cd409ab30 nmethod 7055 0x0000024cba5edd90 code [0x0000024cba5edf60, 0x0000024cba5ee358]
Event: 113.439 Thread 0x0000024cd409ab30 7056       3       java.io.DataInputStream::readBoolean (13 bytes)
Event: 113.440 Thread 0x0000024cd409ab30 nmethod 7056 0x0000024cba5ee510 code [0x0000024cba5ee6e0, 0x0000024cba5eea78]
Event: 114.229 Thread 0x0000024cd40998e0 7057       4       java.util.AbstractCollection::addAll (42 bytes)
Event: 114.232 Thread 0x0000024cd409ab30 7058       3       org.gradle.internal.instantiation.generator.AsmBackedClassGenerator::getServicesForNext (13 bytes)
Event: 114.233 Thread 0x0000024cd409ab30 nmethod 7058 0x0000024cba5eec10 code [0x0000024cba5eedc0, 0x0000024cba5ef048]
Event: 114.235 Thread 0x0000024cd409ab30 7060       3       com.google.common.base.CharMatcher$InRange::matches (22 bytes)
Event: 114.235 Thread 0x0000024cd409ab30 nmethod 7060 0x0000024cba5ef110 code [0x0000024cba5ef2a0, 0x0000024cba5ef458]
Event: 114.236 Thread 0x0000024cd409ab30 7061       3       com.google.common.base.CharMatcher$Negated::matches (17 bytes)
Event: 114.236 Thread 0x0000024cd409ab30 nmethod 7061 0x0000024cba5ef510 code [0x0000024cba5ef6c0, 0x0000024cba5ef8e8]

GC Heap History (20 events):
Event: 59.195 GC heap before
{Heap before GC invocations=11 (full 0):
 garbage-first heap   total 68608K, used 53368K [0x0000000080000000, 0x0000000100000000)
  region size 1024K, 29 young (29696K), 4 survivors (4096K)
 Metaspace       used 42308K, committed 42816K, reserved 1114112K
  class space    used 5640K, committed 5888K, reserved 1048576K
}
Event: 59.216 GC heap after
{Heap after GC invocations=12 (full 0):
 garbage-first heap   total 68608K, used 29024K [0x0000000080000000, 0x0000000100000000)
  region size 1024K, 2 young (2048K), 2 survivors (2048K)
 Metaspace       used 42308K, committed 42816K, reserved 1114112K
  class space    used 5640K, committed 5888K, reserved 1048576K
}
Event: 62.715 GC heap before
{Heap before GC invocations=12 (full 0):
 garbage-first heap   total 68608K, used 52576K [0x0000000080000000, 0x0000000100000000)
  region size 1024K, 26 young (26624K), 2 survivors (2048K)
 Metaspace       used 44894K, committed 45376K, reserved 1114112K
  class space    used 6057K, committed 6272K, reserved 1048576K
}
Event: 62.719 GC heap after
{Heap after GC invocations=13 (full 0):
 garbage-first heap   total 68608K, used 29949K [0x0000000080000000, 0x0000000100000000)
  region size 1024K, 3 young (3072K), 3 survivors (3072K)
 Metaspace       used 44894K, committed 45376K, reserved 1114112K
  class space    used 6057K, committed 6272K, reserved 1048576K
}
Event: 64.826 GC heap before
{Heap before GC invocations=13 (full 0):
 garbage-first heap   total 68608K, used 53501K [0x0000000080000000, 0x0000000100000000)
  region size 1024K, 26 young (26624K), 3 survivors (3072K)
 Metaspace       used 47606K, committed 48064K, reserved 1114112K
  class space    used 6506K, committed 6720K, reserved 1048576K
}
Event: 64.833 GC heap after
{Heap after GC invocations=14 (full 0):
 garbage-first heap   total 68608K, used 31037K [0x0000000080000000, 0x0000000100000000)
  region size 1024K, 3 young (3072K), 3 survivors (3072K)
 Metaspace       used 47606K, committed 48064K, reserved 1114112K
  class space    used 6506K, committed 6720K, reserved 1048576K
}
Event: 65.789 GC heap before
{Heap before GC invocations=14 (full 0):
 garbage-first heap   total 68608K, used 45373K [0x0000000080000000, 0x0000000100000000)
  region size 1024K, 18 young (18432K), 3 survivors (3072K)
 Metaspace       used 49328K, committed 49856K, reserved 1114112K
  class space    used 6791K, committed 7040K, reserved 1048576K
}
Event: 65.793 GC heap after
{Heap after GC invocations=15 (full 0):
 garbage-first heap   total 68608K, used 32465K [0x0000000080000000, 0x0000000100000000)
  region size 1024K, 3 young (3072K), 3 survivors (3072K)
 Metaspace       used 49328K, committed 49856K, reserved 1114112K
  class space    used 6791K, committed 7040K, reserved 1048576K
}
Event: 67.865 GC heap before
{Heap before GC invocations=15 (full 0):
 garbage-first heap   total 68608K, used 54993K [0x0000000080000000, 0x0000000100000000)
  region size 1024K, 25 young (25600K), 3 survivors (3072K)
 Metaspace       used 52441K, committed 52928K, reserved 1114112K
  class space    used 7153K, committed 7360K, reserved 1048576K
}
Event: 67.978 GC heap after
{Heap after GC invocations=16 (full 0):
 garbage-first heap   total 68608K, used 32346K [0x0000000080000000, 0x0000000100000000)
  region size 1024K, 3 young (3072K), 3 survivors (3072K)
 Metaspace       used 52441K, committed 52928K, reserved 1114112K
  class space    used 7153K, committed 7360K, reserved 1048576K
}
Event: 92.360 GC heap before
{Heap before GC invocations=16 (full 0):
 garbage-first heap   total 68608K, used 54874K [0x0000000080000000, 0x0000000100000000)
  region size 1024K, 25 young (25600K), 3 survivors (3072K)
 Metaspace       used 53738K, committed 54272K, reserved 1114112K
  class space    used 7311K, committed 7552K, reserved 1048576K
}
Event: 92.370 GC heap after
{Heap after GC invocations=17 (full 0):
 garbage-first heap   total 68608K, used 34168K [0x0000000080000000, 0x0000000100000000)
  region size 1024K, 4 young (4096K), 4 survivors (4096K)
 Metaspace       used 53738K, committed 54272K, reserved 1114112K
  class space    used 7311K, committed 7552K, reserved 1048576K
}
Event: 100.910 GC heap before
{Heap before GC invocations=17 (full 0):
 garbage-first heap   total 68608K, used 54648K [0x0000000080000000, 0x0000000100000000)
  region size 1024K, 24 young (24576K), 4 survivors (4096K)
 Metaspace       used 54370K, committed 54848K, reserved 1114112K
  class space    used 7380K, committed 7616K, reserved 1048576K
}
Event: 100.928 GC heap after
{Heap after GC invocations=18 (full 0):
 garbage-first heap   total 68608K, used 35123K [0x0000000080000000, 0x0000000100000000)
  region size 1024K, 2 young (2048K), 2 survivors (2048K)
 Metaspace       used 54370K, committed 54848K, reserved 1114112K
  class space    used 7380K, committed 7616K, reserved 1048576K
}
Event: 106.620 GC heap before
{Heap before GC invocations=19 (full 0):
 garbage-first heap   total 68608K, used 54579K [0x0000000080000000, 0x0000000100000000)
  region size 1024K, 22 young (22528K), 2 survivors (2048K)
 Metaspace       used 54674K, committed 55104K, reserved 1114112K
  class space    used 7413K, committed 7616K, reserved 1048576K
}
Event: 106.630 GC heap after
{Heap after GC invocations=20 (full 0):
 garbage-first heap   total 68608K, used 38409K [0x0000000080000000, 0x0000000100000000)
  region size 1024K, 3 young (3072K), 3 survivors (3072K)
 Metaspace       used 54674K, committed 55104K, reserved 1114112K
  class space    used 7413K, committed 7616K, reserved 1048576K
}
Event: 108.612 GC heap before
{Heap before GC invocations=20 (full 0):
 garbage-first heap   total 68608K, used 53769K [0x0000000080000000, 0x0000000100000000)
  region size 1024K, 19 young (19456K), 3 survivors (3072K)
 Metaspace       used 54815K, committed 55296K, reserved 1114112K
  class space    used 7413K, committed 7616K, reserved 1048576K
}
Event: 108.621 GC heap after
{Heap after GC invocations=21 (full 0):
 garbage-first heap   total 68608K, used 39407K [0x0000000080000000, 0x0000000100000000)
  region size 1024K, 3 young (3072K), 3 survivors (3072K)
 Metaspace       used 54815K, committed 55296K, reserved 1114112K
  class space    used 7413K, committed 7616K, reserved 1048576K
}
Event: 110.388 GC heap before
{Heap before GC invocations=22 (full 0):
 garbage-first heap   total 80896K, used 52719K [0x0000000080000000, 0x0000000100000000)
  region size 1024K, 17 young (17408K), 3 survivors (3072K)
 Metaspace       used 55060K, committed 55552K, reserved 1114112K
  class space    used 7450K, committed 7680K, reserved 1048576K
}
Event: 110.394 GC heap after
{Heap after GC invocations=23 (full 0):
 garbage-first heap   total 80896K, used 40517K [0x0000000080000000, 0x0000000100000000)
  region size 1024K, 3 young (3072K), 3 survivors (3072K)
 Metaspace       used 55060K, committed 55552K, reserved 1114112K
  class space    used 7450K, committed 7680K, reserved 1048576K
}

Dll operation events (3 events):
Event: 0.015 Loaded shared library C:\Program Files\Android\Android Studio1\jbr\bin\java.dll
Event: 0.445 Loaded shared library C:\Program Files\Android\Android Studio1\jbr\bin\zip.dll
Event: 2.583 Loaded shared library C:\Program Files\Android\Android Studio1\jbr\bin\verify.dll

Deoptimization events (20 events):
Event: 110.064 Thread 0x0000024cd4c0ae70 DEOPT PACKING pc=0x0000024cc17abc24 sp=0x000000964bffa6c0
Event: 110.064 Thread 0x0000024cd4c0ae70 DEOPT UNPACKING pc=0x0000024cc10269a3 sp=0x000000964bffa688 mode 2
Event: 110.084 Thread 0x0000024cd4c080e0 Uncommon trap: trap_request=0xffffff45 fr.pc=0x0000024cc1699d90 relative=0x00000000000052d0
Event: 110.084 Thread 0x0000024cd4c080e0 Uncommon trap: reason=unstable_if action=reinterpret pc=0x0000024cc1699d90 method=java.io.ObjectStreamClass.writeNonProxy(Ljava/io/ObjectOutputStream;)V @ 65 c2
Event: 110.084 Thread 0x0000024cd4c080e0 DEOPT PACKING pc=0x0000024cc1699d90 sp=0x000000964c2fe4a0
Event: 110.084 Thread 0x0000024cd4c080e0 DEOPT UNPACKING pc=0x0000024cc10269a3 sp=0x000000964c2fe340 mode 2
Event: 110.085 Thread 0x0000024cd4c0ae70 Uncommon trap: trap_request=0xffffff76 fr.pc=0x0000024cc1606cb4 relative=0x0000000000000794
Event: 110.085 Thread 0x0000024cd4c0ae70 Uncommon trap: reason=predicate action=maybe_recompile pc=0x0000024cc1606cb4 method=java.util.AbstractCollection.addAll(Ljava/util/Collection;)Z @ 15 c2
Event: 110.085 Thread 0x0000024cd4c0ae70 DEOPT PACKING pc=0x0000024cc1606cb4 sp=0x000000964bffb5a0
Event: 110.085 Thread 0x0000024cd4c0ae70 DEOPT UNPACKING pc=0x0000024cc10269a3 sp=0x000000964bffb548 mode 2
Event: 110.092 Thread 0x0000024cd4c080e0 DEOPT PACKING pc=0x0000024cb9dfbaba sp=0x000000964c2fd080
Event: 110.092 Thread 0x0000024cd4c080e0 DEOPT UNPACKING pc=0x0000024cc1027143 sp=0x000000964c2fc4f8 mode 0
Event: 110.092 Thread 0x0000024cd4c080e0 Uncommon trap: trap_request=0xffffff45 fr.pc=0x0000024cc1680e7c relative=0x00000000000008bc
Event: 110.092 Thread 0x0000024cd4c080e0 Uncommon trap: reason=unstable_if action=reinterpret pc=0x0000024cc1680e7c method=java.io.ObjectOutputStream$HandleTable.assign(Ljava/lang/Object;)I @ 24 c2
Event: 110.092 Thread 0x0000024cd4c080e0 DEOPT PACKING pc=0x0000024cc1680e7c sp=0x000000964c2fd2c0
Event: 110.092 Thread 0x0000024cd4c080e0 DEOPT UNPACKING pc=0x0000024cc10269a3 sp=0x000000964c2fd298 mode 2
Event: 114.234 Thread 0x0000024cd4c0ae70 Uncommon trap: trap_request=0xfffffff4 fr.pc=0x0000024cc15becc4 relative=0x0000000000000764
Event: 114.234 Thread 0x0000024cd4c0ae70 Uncommon trap: reason=null_check action=make_not_entrant pc=0x0000024cc15becc4 method=org.gradle.util.internal.SimpleMapInterner.intern(Ljava/lang/Object;)Ljava/lang/Object; @ 2 c2
Event: 114.234 Thread 0x0000024cd4c0ae70 DEOPT PACKING pc=0x0000024cc15becc4 sp=0x000000964bff9080
Event: 114.234 Thread 0x0000024cd4c0ae70 DEOPT UNPACKING pc=0x0000024cc10269a3 sp=0x000000964bff9048 mode 2

Classes unloaded (0 events):
No events

Classes redefined (0 events):
No events

Internal exceptions (20 events):
Event: 66.103 Thread 0x0000024cd4c0ae70 Exception <a 'java/lang/NoSuchMethodError'{0x0000000090b45dc0}: 'java.lang.Object java.lang.invoke.DelegatingMethodHandle$Holder.reinvoke_L(java.lang.Object, java.lang.Object, java.lang.Object, java.lang.Object, java.lang.Object, java.lang.Object, java.lang.Object, java.lang.Object, java.lang.Object, java.lang.Object, java.lang.Object, java.lang.Object, java.lang.Object, java.lang.Object, java.lang.Object, java.lang.Object, java.lang.Object, java.lang.Object, java.lang.Object, java.lang.Object, java.lang.O
Event: 66.104 Thread 0x0000024cd4c0ae70 Exception <a 'java/lang/NoSuchMethodError'{0x0000000090b514d8}: 'java.lang.Object java.lang.invoke.Invokers$Holder.invoker(java.lang.Object, java.lang.Object, java.lang.Object, java.lang.Object, java.lang.Object, java.lang.Object, java.lang.Object, java.lang.Object, java.lang.Object, java.lang.Object, java.lang.Object, java.lang.Object, java.lang.Object, java.lang.Object, java.lang.Object, java.lang.Object, java.lang.Object, java.lang.Object, java.lang.Object, java.lang.Object, java.lang.Object, java.lang.
Event: 66.104 Thread 0x0000024cd4c0ae70 Exception <a 'java/lang/NoSuchMethodError'{0x0000000090b57f38}: 'java.lang.Object java.lang.invoke.DelegatingMethodHandle$Holder.delegate(java.lang.Object, java.lang.Object, java.lang.Object, java.lang.Object, java.lang.Object, java.lang.Object, java.lang.Object, java.lang.Object, java.lang.Object, java.lang.Object, java.lang.Object, java.lang.Object, java.lang.Object, java.lang.Object, java.lang.Object, java.lang.Object, java.lang.Object, java.lang.Object, java.lang.Object, java.lang.Object, java.lang.Obj
Event: 66.125 Thread 0x0000024cd4c0ae70 Exception <a 'java/lang/NoSuchMethodError'{0x0000000090a1b560}: 'java.lang.Object java.lang.invoke.DirectMethodHandle$Holder.invokeStatic(java.lang.Object, java.lang.Object, java.lang.Object, java.lang.Object, java.lang.Object, java.lang.Object, java.lang.Object, java.lang.Object, java.lang.Object, java.lang.Object, java.lang.Object, java.lang.Object, java.lang.Object, java.lang.Object, java.lang.Object, java.lang.Object, java.lang.Object, java.lang.Object, java.lang.Object, java.lang.Object, java.lang.Obj
Event: 67.268 Thread 0x0000024cd4c0ae70 Exception <a 'java/lang/NoSuchMethodError'{0x0000000082bef348}: 'int java.lang.invoke.DirectMethodHandle$Holder.invokeSpecialIFC(java.lang.Object, java.lang.Object, java.lang.Object)'> (0x0000000082bef348) 
thrown [s\src\hotspot\share\interpreter\linkResolver.cpp, line 771]
Event: 68.550 Thread 0x0000024cd4c0ae70 Exception <a 'java/lang/NoSuchMethodError'{0x0000000090dc56d8}: 'java.lang.Object java.lang.invoke.DirectMethodHandle$Holder.newInvokeSpecial(java.lang.Object, java.lang.Object, java.lang.Object, java.lang.Object, java.lang.Object, int)'> (0x0000000090dc56d8) 
thrown [s\src\hotspot\share\interpreter\linkResolver.cpp, line 771]
Event: 68.551 Thread 0x0000024cd4c0ae70 Exception <a 'java/lang/NoSuchMethodError'{0x0000000090dcab30}: 'java.lang.Object java.lang.invoke.DirectMethodHandle$Holder.invokeSpecial(java.lang.Object, java.lang.Object, java.lang.Object, java.lang.Object, java.lang.Object, java.lang.Object, int)'> (0x0000000090dcab30) 
thrown [s\src\hotspot\share\interpreter\linkResolver.cpp, line 771]
Event: 68.551 Thread 0x0000024cd4c0ae70 Exception <a 'java/lang/NoSuchMethodError'{0x0000000090dcf910}: 'java.lang.Object java.lang.invoke.Invokers$Holder.linkToTargetMethod(java.lang.Object, java.lang.Object, java.lang.Object, java.lang.Object, int, java.lang.Object)'> (0x0000000090dcf910) 
thrown [s\src\hotspot\share\interpreter\linkResolver.cpp, line 771]
Event: 68.789 Thread 0x0000024cd4c0ae70 Exception <a 'java/lang/NoSuchMethodError'{0x0000000090c1d498}: 'java.lang.Object java.lang.invoke.DirectMethodHandle$Holder.invokeSpecial(java.lang.Object, java.lang.Object, java.lang.Object, java.lang.Object, java.lang.Object, long)'> (0x0000000090c1d498) 
thrown [s\src\hotspot\share\interpreter\linkResolver.cpp, line 771]
Event: 68.794 Thread 0x0000024cd4c0ae70 Exception <a 'java/lang/NoSuchMethodError'{0x0000000090c4d340}: 'void java.lang.invoke.DirectMethodHandle$Holder.invokeStatic(java.lang.Object, java.lang.Object, java.lang.Object, int, java.lang.Object)'> (0x0000000090c4d340) 
thrown [s\src\hotspot\share\interpreter\linkResolver.cpp, line 771]
Event: 78.088 Thread 0x0000024cd4c0ae70 Exception <a 'java/lang/NoSuchMethodError'{0x000000008386ede0}: 'java.lang.Object java.lang.invoke.DirectMethodHandle$Holder.newInvokeSpecial(java.lang.Object, java.lang.Object, int)'> (0x000000008386ede0) 
thrown [s\src\hotspot\share\interpreter\linkResolver.cpp, line 771]
Event: 97.088 Thread 0x0000024cd4c0ae70 Exception <a 'java/lang/NoSuchMethodError'{0x000000008304c710}: 'java.lang.Object java.lang.invoke.DirectMethodHandle$Holder.newInvokeSpecial(java.lang.Object, java.lang.Object, java.lang.Object, java.lang.Object, int, java.lang.Object)'> (0x000000008304c710) 
thrown [s\src\hotspot\share\interpreter\linkResolver.cpp, line 771]
Event: 97.090 Thread 0x0000024cd4c0ae70 Exception <a 'java/lang/NoSuchMethodError'{0x0000000083051a20}: 'java.lang.Object java.lang.invoke.Invokers$Holder.linkToTargetMethod(java.lang.Object, java.lang.Object, java.lang.Object, int, java.lang.Object, java.lang.Object)'> (0x0000000083051a20) 
thrown [s\src\hotspot\share\interpreter\linkResolver.cpp, line 771]
Event: 110.059 Thread 0x0000024cd4c0ae70 Exception <a 'java/lang/NoSuchMethodError'{0x0000000084486b60}: 'long java.lang.invoke.DirectMethodHandle$Holder.invokeVirtual(java.lang.Object, java.lang.Object)'> (0x0000000084486b60) 
thrown [s\src\hotspot\share\interpreter\linkResolver.cpp, line 771]
Event: 110.087 Thread 0x0000024cd4c080e0 Exception <a 'java/lang/NoSuchMethodError'{0x00000000844e1ec8}: static Lorg/gradle/internal/build/event/types/DefaultProjectConfigurationSuccessResult;.<clinit>()V> (0x00000000844e1ec8) 
thrown [s\src\hotspot\share\prims\jni.cpp, line 1108]
Event: 110.087 Thread 0x0000024cd4c080e0 Exception <a 'java/lang/NoSuchMethodError'{0x00000000844e2f98}: static Lorg/gradle/internal/build/event/types/AbstractProjectConfigurationResult;.<clinit>()V> (0x00000000844e2f98) 
thrown [s\src\hotspot\share\prims\jni.cpp, line 1108]
Event: 110.092 Thread 0x0000024cd4c080e0 Exception <a 'java/lang/NoSuchMethodError'{0x00000000844f8968}: static Lorg/gradle/internal/build/event/types/DefaultPluginApplicationResult;.<clinit>()V> (0x00000000844f8968) 
thrown [s\src\hotspot\share\prims\jni.cpp, line 1108]
Event: 110.093 Thread 0x0000024cd4c080e0 Exception <a 'java/lang/NoSuchMethodError'{0x0000000084309c00}: static Lorg/gradle/internal/build/event/types/DefaultBinaryPluginIdentifier;.<clinit>()V> (0x0000000084309c00) 
thrown [s\src\hotspot\share\prims\jni.cpp, line 1108]
Event: 110.099 Thread 0x0000024cd4c080e0 Exception <a 'java/lang/NoSuchMethodError'{0x0000000084343f50}: static Lorg/gradle/internal/build/event/types/DefaultScriptPluginIdentifier;.<clinit>()V> (0x0000000084343f50) 
thrown [s\src\hotspot\share\prims\jni.cpp, line 1108]
Event: 114.234 Thread 0x0000024cd4c0ae70 Implicit null exception at 0x0000024cc15be592 to 0x0000024cc15becb4

VM Operations (20 events):
Event: 108.611 Executing VM operation: G1CollectForAllocation
Event: 108.654 Executing VM operation: G1CollectForAllocation done
Event: 108.793 Executing VM operation: G1PauseRemark
Event: 108.866 Executing VM operation: G1PauseRemark done
Event: 108.918 Executing VM operation: G1PauseCleanup
Event: 108.918 Executing VM operation: G1PauseCleanup done
Event: 109.591 Executing VM operation: HandshakeAllThreads
Event: 109.597 Executing VM operation: HandshakeAllThreads done
Event: 110.064 Executing VM operation: HandshakeAllThreads
Event: 110.064 Executing VM operation: HandshakeAllThreads done
Event: 110.064 Executing VM operation: Cleanup
Event: 110.064 Executing VM operation: Cleanup done
Event: 110.388 Executing VM operation: G1CollectForAllocation
Event: 110.394 Executing VM operation: G1CollectForAllocation done
Event: 111.395 Executing VM operation: Cleanup
Event: 111.395 Executing VM operation: Cleanup done
Event: 112.396 Executing VM operation: Cleanup
Event: 112.396 Executing VM operation: Cleanup done
Event: 113.398 Executing VM operation: Cleanup
Event: 113.398 Executing VM operation: Cleanup done

Events (20 events):
Event: 97.213 Thread 0x0000024cd606a4a0 Thread added: 0x0000024cd606a4a0
Event: 103.726 loading class java/nio/channels/Channels
Event: 103.727 loading class java/nio/channels/Channels done
Event: 103.727 loading class sun/nio/ch/ChannelInputStream
Event: 103.727 loading class sun/nio/ch/ChannelInputStream done
Event: 105.887 Thread 0x0000024cd606a9b0 Thread added: 0x0000024cd606a9b0
Event: 106.262 Thread 0x0000024cd4f5c260 Thread added: 0x0000024cd4f5c260
Event: 106.909 Thread 0x0000024cd4f5c260 Thread exited: 0x0000024cd4f5c260
Event: 110.062 loading class java/util/stream/SortedOps
Event: 110.062 loading class java/util/stream/SortedOps done
Event: 110.062 loading class java/util/stream/SortedOps$OfRef
Event: 110.062 loading class java/util/stream/ReferencePipeline$StatefulOp
Event: 110.062 loading class java/util/stream/ReferencePipeline$StatefulOp done
Event: 110.063 loading class java/util/stream/SortedOps$OfRef done
Event: 110.067 loading class java/util/stream/SortedOps$RefSortingSink
Event: 110.068 loading class java/util/stream/SortedOps$AbstractRefSortingSink
Event: 110.068 loading class java/util/stream/SortedOps$AbstractRefSortingSink done
Event: 110.068 loading class java/util/stream/SortedOps$RefSortingSink done
Event: 110.096 loading class java/time/Ser
Event: 110.096 loading class java/time/Ser done


Dynamic libraries:
0x00007ff640a50000 - 0x00007ff640a5a000 	C:\Program Files\Android\Android Studio1\jbr\bin\java.exe
0x00007fff916a0000 - 0x00007fff918a9000 	C:\Windows\SYSTEM32\ntdll.dll
0x00007fff904b0000 - 0x00007fff9056d000 	C:\Windows\System32\KERNEL32.DLL
0x00007fff8f160000 - 0x00007fff8f4e4000 	C:\Windows\System32\KERNELBASE.dll
0x00007fff634a0000 - 0x00007fff634b7000 	C:\Program Files\Android\Android Studio1\jbr\bin\jli.dll
0x00007fff8eb30000 - 0x00007fff8ec41000 	C:\Windows\System32\ucrtbase.dll
0x00007fff7e0b0000 - 0x00007fff7e355000 	C:\Windows\WinSxS\amd64_microsoft.windows.common-controls_6595b64144ccf1df_6.0.22000.120_none_9d947278b86cc467\COMCTL32.dll
0x00007fff90300000 - 0x00007fff904ad000 	C:\Windows\System32\USER32.dll
0x00007fff8edc0000 - 0x00007fff8ede6000 	C:\Windows\System32\win32u.dll
0x00007fff61b30000 - 0x00007fff61b4b000 	C:\Program Files\Android\Android Studio1\jbr\bin\VCRUNTIME140.dll
0x00007fff91580000 - 0x00007fff91623000 	C:\Windows\System32\msvcrt.dll
0x00007fff91630000 - 0x00007fff9165a000 	C:\Windows\System32\GDI32.dll
0x00007fff8efa0000 - 0x00007fff8f0be000 	C:\Windows\System32\gdi32full.dll
0x00007fff8f0c0000 - 0x00007fff8f15d000 	C:\Windows\System32\msvcp_win.dll
0x00007fff90bf0000 - 0x00007fff90c21000 	C:\Windows\System32\IMM32.DLL
0x00007fff645b0000 - 0x00007fff645bc000 	C:\Program Files\Android\Android Studio1\jbr\bin\vcruntime140_1.dll
0x00007fff03070000 - 0x00007fff030fd000 	C:\Program Files\Android\Android Studio1\jbr\bin\msvcp140.dll
0x00007ffee9b50000 - 0x00007ffeea7d3000 	C:\Program Files\Android\Android Studio1\jbr\bin\server\jvm.dll
0x00007fff901c0000 - 0x00007fff9026e000 	C:\Windows\System32\ADVAPI32.dll
0x00007fff91460000 - 0x00007fff914fe000 	C:\Windows\System32\sechost.dll
0x00007fff91240000 - 0x00007fff91361000 	C:\Windows\System32\RPCRT4.dll
0x00007fff8e400000 - 0x00007fff8e44d000 	C:\Windows\SYSTEM32\POWRPROF.dll
0x00007fff8a7c0000 - 0x00007fff8a7c9000 	C:\Windows\SYSTEM32\WSOCK32.dll
0x00007fff91510000 - 0x00007fff9157f000 	C:\Windows\System32\WS2_32.dll
0x00007fff888f0000 - 0x00007fff88923000 	C:\Windows\SYSTEM32\WINMM.dll
0x00007fff8a5f0000 - 0x00007fff8a5fa000 	C:\Windows\SYSTEM32\VERSION.dll
0x00007fff8e390000 - 0x00007fff8e3a3000 	C:\Windows\SYSTEM32\UMPDC.dll
0x00007fff8dba0000 - 0x00007fff8dbb8000 	C:\Windows\SYSTEM32\kernel.appcore.dll
0x00007fff80350000 - 0x00007fff8035a000 	C:\Program Files\Android\Android Studio1\jbr\bin\jimage.dll
0x00007fff854d0000 - 0x00007fff856f1000 	C:\Windows\SYSTEM32\DBGHELP.DLL
0x00007fff7dea0000 - 0x00007fff7ded1000 	C:\Windows\SYSTEM32\dbgcore.DLL
0x00007fff8eeb0000 - 0x00007fff8ef2f000 	C:\Windows\System32\bcryptPrimitives.dll
0x00007fff634c0000 - 0x00007fff634ce000 	C:\Program Files\Android\Android Studio1\jbr\bin\instrument.dll
0x00007fff6d550000 - 0x00007fff6d575000 	C:\Program Files\Android\Android Studio1\jbr\bin\java.dll
0x00007fff80330000 - 0x00007fff80348000 	C:\Program Files\Android\Android Studio1\jbr\bin\zip.dll
0x00007fff8f9f0000 - 0x00007fff901b5000 	C:\Windows\System32\SHELL32.dll
0x00007fff8cc00000 - 0x00007fff8d462000 	C:\Windows\SYSTEM32\windows.storage.dll
0x00007fff8f580000 - 0x00007fff8f8f6000 	C:\Windows\System32\combase.dll
0x00007fff8ca90000 - 0x00007fff8cbf7000 	C:\Windows\SYSTEM32\wintypes.dll
0x00007fff90a90000 - 0x00007fff90b7a000 	C:\Windows\System32\SHCORE.dll
0x00007fff91160000 - 0x00007fff911bd000 	C:\Windows\System32\shlwapi.dll
0x00007fff8ea60000 - 0x00007fff8ea85000 	C:\Windows\SYSTEM32\profapi.dll
0x00007fff6d530000 - 0x00007fff6d549000 	C:\Program Files\Android\Android Studio1\jbr\bin\net.dll
0x00007fff87140000 - 0x00007fff87254000 	C:\Windows\SYSTEM32\WINHTTP.dll
0x00007fff8e050000 - 0x00007fff8e0b7000 	C:\Windows\system32\mswsock.dll
0x00007fff62200000 - 0x00007fff62216000 	C:\Program Files\Android\Android Studio1\jbr\bin\nio.dll
0x00007fff6e690000 - 0x00007fff6e6a0000 	C:\Program Files\Android\Android Studio1\jbr\bin\verify.dll
0x00007fff60490000 - 0x00007fff604b7000 	C:\Users\LENOVO\.gradle\native\c067742578af261105cb4f569cf0c3c89f3d7b1fecec35dd04571415982c5e48\windows-amd64\native-platform.dll
0x00007ffef4940000 - 0x00007ffef4a84000 	C:\Users\LENOVO\.gradle\native\38dada09dfb8b06ba9b0570ebf7e218e3eb74d4ef43ca46872605cf95ebc2f47\windows-amd64\native-platform-file-events.dll
0x00007fff634e0000 - 0x00007fff634e9000 	C:\Program Files\Android\Android Studio1\jbr\bin\management.dll
0x00007fff634d0000 - 0x00007fff634db000 	C:\Program Files\Android\Android Studio1\jbr\bin\management_ext.dll
0x00007fff91500000 - 0x00007fff91508000 	C:\Windows\System32\PSAPI.DLL
0x00007fff8e300000 - 0x00007fff8e318000 	C:\Windows\SYSTEM32\CRYPTSP.dll
0x00007fff8db00000 - 0x00007fff8db35000 	C:\Windows\system32\rsaenh.dll
0x00007fff8e1b0000 - 0x00007fff8e1dc000 	C:\Windows\SYSTEM32\USERENV.dll
0x00007fff8e500000 - 0x00007fff8e527000 	C:\Windows\SYSTEM32\bcrypt.dll
0x00007fff8e320000 - 0x00007fff8e32c000 	C:\Windows\SYSTEM32\CRYPTBASE.dll
0x00007fff8d6c0000 - 0x00007fff8d6ed000 	C:\Windows\SYSTEM32\IPHLPAPI.DLL
0x00007fff90a80000 - 0x00007fff90a89000 	C:\Windows\System32\NSI.dll
0x00007fff86e60000 - 0x00007fff86e79000 	C:\Windows\SYSTEM32\dhcpcsvc6.DLL
0x00007fff879d0000 - 0x00007fff879ee000 	C:\Windows\SYSTEM32\dhcpcsvc.DLL
0x00007fff8d6f0000 - 0x00007fff8d7d7000 	C:\Windows\SYSTEM32\DNSAPI.dll
0x00007fff63720000 - 0x00007fff63729000 	C:\Program Files\Android\Android Studio1\jbr\bin\extnet.dll
0x00007fff6a0f0000 - 0x00007fff6a0f8000 	C:\Windows\system32\wshunix.dll

dbghelp: loaded successfully - version: 4.0.5 - missing functions: none
symbol engine: initialized successfully - sym options: 0x614 - pdb path: .;C:\Program Files\Android\Android Studio1\jbr\bin;C:\Windows\SYSTEM32;C:\Windows\WinSxS\amd64_microsoft.windows.common-controls_6595b64144ccf1df_6.0.22000.120_none_9d947278b86cc467;C:\Program Files\Android\Android Studio1\jbr\bin\server;C:\Users\LENOVO\.gradle\native\c067742578af261105cb4f569cf0c3c89f3d7b1fecec35dd04571415982c5e48\windows-amd64;C:\Users\LENOVO\.gradle\native\38dada09dfb8b06ba9b0570ebf7e218e3eb74d4ef43ca46872605cf95ebc2f47\windows-amd64

VM Arguments:
jvm_args: --add-opens=java.base/java.util=ALL-UNNAMED --add-opens=java.base/java.lang=ALL-UNNAMED --add-opens=java.base/java.lang.invoke=ALL-UNNAMED --add-opens=java.prefs/java.util.prefs=ALL-UNNAMED --add-opens=java.base/java.nio.charset=ALL-UNNAMED --add-opens=java.base/java.net=ALL-UNNAMED --add-opens=java.base/java.util.concurrent.atomic=ALL-UNNAMED -Xmx2048m -Dfile.encoding=UTF-8 -Duser.country=US -Duser.language=en -Duser.variant -javaagent:C:\Users\LENOVO\.gradle\wrapper\dists\gradle-8.6-bin\afr5mpiioh2wthjmwnkmdsd5w\gradle-8.6\lib\agents\gradle-instrumentation-agent-8.6.jar 
java_command: org.gradle.launcher.daemon.bootstrap.GradleDaemon 8.6
java_class_path (initial): C:\Users\LENOVO\.gradle\wrapper\dists\gradle-8.6-bin\afr5mpiioh2wthjmwnkmdsd5w\gradle-8.6\lib\gradle-launcher-8.6.jar
Launcher Type: SUN_STANDARD

[Global flags]
     intx CICompilerCount                          = 3                                         {product} {ergonomic}
     uint ConcGCThreads                            = 1                                         {product} {ergonomic}
     uint G1ConcRefinementThreads                  = 4                                         {product} {ergonomic}
   size_t G1HeapRegionSize                         = 1048576                                   {product} {ergonomic}
    uintx GCDrainStackTargetSize                   = 64                                        {product} {ergonomic}
   size_t InitialHeapSize                          = 335544320                                 {product} {ergonomic}
   size_t MarkStackSize                            = 4194304                                   {product} {ergonomic}
   size_t MaxHeapSize                              = 2147483648                                {product} {command line}
   size_t MaxNewSize                               = 1287651328                                {product} {ergonomic}
   size_t MinHeapDeltaBytes                        = 1048576                                   {product} {ergonomic}
   size_t MinHeapSize                              = 8388608                                   {product} {ergonomic}
    uintx NonNMethodCodeHeapSize                   = 5832780                                {pd product} {ergonomic}
    uintx NonProfiledCodeHeapSize                  = 122912730                              {pd product} {ergonomic}
    uintx ProfiledCodeHeapSize                     = 122912730                              {pd product} {ergonomic}
    uintx ReservedCodeCacheSize                    = 251658240                              {pd product} {ergonomic}
     bool SegmentedCodeCache                       = true                                      {product} {ergonomic}
   size_t SoftMaxHeapSize                          = 2147483648                             {manageable} {ergonomic}
     bool UseCompressedClassPointers               = true                           {product lp64_product} {ergonomic}
     bool UseCompressedOops                        = true                           {product lp64_product} {ergonomic}
     bool UseG1GC                                  = true                                      {product} {ergonomic}
     bool UseLargePagesIndividualAllocation        = false                                  {pd product} {ergonomic}

Logging:
Log output configuration:
 #0: stdout all=warning uptime,level,tags
 #1: stderr all=off uptime,level,tags

Environment Variables:
JAVA_HOME=C:\Program Files\Java\jdk1.8.0_112
PATH=C:\Program Files\Common Files\Oracle\Java\javapath;D:\ITI\Network\New Folder\bin\;C:\Program Files (x86)\Common Files\Oracle\Java\javapath;C:\Windows\system32;C:\Windows;C:\Windows\System32\Wbem;C:\Windows\System32\WindowsPowerShell\v1.0\;C:\Windows\System32\OpenSSH\;C:\msys64\ucrt64\bin;C:\Program Files\Git\cmd;C:\Program Files\Git\bin;C:\Program Files\Java\jdk1.8.0_112\bin;C:\Program Files\Java\jdk1.8.0_112bin;C:\Program Files (x86)\Microsoft SQL Server\160\Tools\Binn\;C:\Program Files\Microsoft SQL Server\160\Tools\Binn\;C:\Program Files\Microsoft SQL Server\Client SDK\ODBC\170\Tools\Binn\;C:\Program Files\Microsoft SQL Server\160\DTS\Binn\;C:\Program Files (x86)\Microsoft SQL Server\160\DTS\Binn\;C:\Program Files\Azure Data Studio\bin;C:\Program Files (x86)\Microsoft SQL Server\150\Tools\Binn\;C:\Program Files\Microsoft SQL Server\150\Tools\Binn\;C:\Program Files\Microsoft SQL Server\150\DTS\Binn\;C:\Program Files\maven\apache-maven-3.9.6\bin;C:\Program Files\PowerShell\7\;C:\Program Files\dotnet\;C:\Program Files\MySQL\MySQL Shell 8.0\bin\;C:\Users\LENOVO\AppData\Local\Microsoft\WindowsApps;C:\Users\LENOVO\AppData\Local\Programs\Microsoft VS Code\bin;C:\Users\LENOVO\AppData\Local\GitHubDesktop\bin;C:\Program Files (x86)\Brackets\;C:\msys64\ucrt64\bin;C:\Program Files\Java\jdk1.8.0_112\bin;C:\Program Files\Azure Data Studio\bin;C:\Program Files\maven\apache-maven-3.9.6\bin;
USERNAME=LENOVO
OS=Windows_NT
PROCESSOR_IDENTIFIER=Intel64 Family 6 Model 78 Stepping 3, GenuineIntel
TMP=C:\Users\LENOVO\AppData\Local\Temp
TEMP=C:\Users\LENOVO\AppData\Local\Temp



Periodic native trim disabled

JNI global refs:
JNI global refs: 25, weak refs: 1

JNI global refs memory usage: 843, weak refs: 841

OOME stack traces (most recent first):
Classloader memory used:
Loader org.gradle.internal.classloader.VisitableURLClassLoader                         : 3266K
Loader bootstrap                                                                       : 2455K
Loader org.gradle.initialization.MixInLegacyTypesClassLoader                           : 1051K
Loader jdk.internal.loader.ClassLoaders$PlatformClassLoader                            : 65879B
Loader jdk.internal.loader.ClassLoaders$AppClassLoader                                 : 28729B
Loader jdk.internal.reflect.DelegatingClassLoader                                      : 16205B
Loader org.gradle.internal.classloader.VisitableURLClassLoader$InstrumentingVisitableURLClassLoader: 4930B

Classes loaded by more than one classloader:
Class Program                                                                         : loaded 4 times (x 72B)
Class org.gradle.internal.classpath.ClassPath                                         : loaded 2 times (x 68B)
Class org.gradle.api.internal.classpath.DefaultModuleRegistry                         : loaded 2 times (x 84B)
Class Settings_gradle$1$1                                                             : loaded 2 times (x 72B)
Class org.gradle.api.Action                                                           : loaded 2 times (x 68B)
Class org.gradle.api.internal.DefaultClassPathProvider                                : loaded 2 times (x 74B)
Class org.gradle.internal.installation.GradleInstallation$1                           : loaded 2 times (x 73B)
Class org.gradle.internal.classloader.FilteringClassLoader                            : loaded 2 times (x 103B)
Class org.gradle.internal.classpath.DefaultClassPath$ImmutableUniqueList$Builder      : loaded 2 times (x 73B)
Class org.gradle.internal.classloader.ClassLoaderVisitor                              : loaded 2 times (x 74B)
Class org.gradle.internal.service.DefaultServiceLocator                               : loaded 2 times (x 81B)
Class org.gradle.internal.service.UnknownServiceException                             : loaded 2 times (x 81B)
Class org.gradle.internal.classloader.DefaultClassLoaderFactory                       : loaded 2 times (x 80B)
Class org.gradle.internal.classloader.VisitableURLClassLoader$Spec                    : loaded 2 times (x 72B)
Class org.gradle.api.GradleException                                                  : loaded 2 times (x 80B)
Class org.gradle.api.internal.classpath.ModuleRegistry                                : loaded 2 times (x 68B)
Class org.gradle.api.internal.ClassPathProvider                                       : loaded 2 times (x 68B)
Class org.gradle.internal.classloader.ClasspathUtil$1                                 : loaded 2 times (x 74B)
Class org.gradle.internal.classloader.ClassLoaderFactory                              : loaded 2 times (x 68B)
Class org.gradle.api.internal.classpath.ManifestUtil                                  : loaded 2 times (x 69B)
Class org.gradle.api.specs.Spec                                                       : loaded 2 times (x 68B)
Class org.gradle.internal.IoActions                                                   : loaded 2 times (x 69B)
Class org.gradle.api.internal.classpath.EffectiveClassPath                            : loaded 2 times (x 88B)
Class org.gradle.internal.installation.CurrentGradleInstallation                      : loaded 2 times (x 71B)
Class org.gradle.internal.agents.InstrumentingClassLoader                             : loaded 2 times (x 68B)
Class org.gradle.internal.installation.CurrentGradleInstallationLocator               : loaded 2 times (x 69B)
Class org.gradle.api.internal.classpath.Module                                        : loaded 2 times (x 68B)
Class org.gradle.internal.service.CachingServiceLocator                               : loaded 2 times (x 80B)
Class org.gradle.internal.classpath.DefaultClassPath                                  : loaded 2 times (x 88B)
Class org.gradle.internal.classloader.SystemClassLoaderSpec                           : loaded 2 times (x 69B)
Class org.gradle.api.UncheckedIOException                                             : loaded 2 times (x 80B)
Class org.gradle.internal.installation.GradleInstallation                             : loaded 2 times (x 73B)
Class org.gradle.internal.classloader.ClasspathUtil                                   : loaded 2 times (x 69B)
Class org.gradle.api.internal.DefaultClassPathRegistry                                : loaded 2 times (x 74B)
Class org.gradle.api.internal.classpath.DefaultModuleRegistry$DefaultModule           : loaded 2 times (x 84B)
Class org.gradle.api.internal.classpath.UnknownModuleException                        : loaded 2 times (x 80B)
Class org.gradle.internal.service.ServiceLookupException                              : loaded 2 times (x 80B)
Class org.gradle.cache.GlobalCache                                                    : loaded 2 times (x 68B)
Class [Lorg.gradle.api.internal.ClassPathProvider;                                    : loaded 2 times (x 67B)
Class org.gradle.util.internal.GUtil                                                  : loaded 2 times (x 69B)
Class org.gradle.internal.classloader.ClassLoaderSpec                                 : loaded 2 times (x 69B)
Class org.gradle.internal.classloader.VisitableURLClassLoader                         : loaded 2 times (x 115B)
Class org.gradle.internal.Cast                                                        : loaded 2 times (x 69B)
Class org.gradle.api.internal.ClassPathRegistry                                       : loaded 2 times (x 68B)
Class org.gradle.internal.classloader.VisitableURLClassLoader$InstrumentingVisitableURLClassLoader: loaded 2 times (x 121B)
Class org.gradle.internal.classloader.ClassLoaderHierarchy                            : loaded 2 times (x 68B)
Class org.gradle.internal.InternalTransformer                                         : loaded 2 times (x 68B)
Class org.gradle.internal.service.ServiceLocator                                      : loaded 2 times (x 68B)
Class Settings_gradle$1                                                               : loaded 2 times (x 72B)
Class org.gradle.internal.classpath.DefaultClassPath$ImmutableUniqueList              : loaded 2 times (x 159B)
Class org.gradle.internal.classpath.TransformedClassPath                              : loaded 2 times (x 94B)
Class Settings_gradle                                                                 : loaded 2 times (x 126B)


---------------  S Y S T E M  ---------------

OS:
 Windows 11 , 64 bit Build 22000 (10.0.22000.2538)
OS uptime: 7 days 10:37 hours

CPU: total 4 (initial active 4) (2 cores per cpu, 2 threads per core) family 6 model 78 stepping 3 microcode 0xd6, cx8, cmov, fxsr, ht, mmx, 3dnowpref, sse, sse2, sse3, ssse3, sse4.1, sse4.2, popcnt, lzcnt, tsc, tscinvbit, avx, avx2, aes, erms, clmul, bmi1, bmi2, adx, fma, vzeroupper, clflush, clflushopt
Processor Information for all 4 processors :
  Max Mhz: 2401, Current Mhz: 2401, Mhz Limit: 2401

Memory: 4k page, system-wide physical 20353M (5365M free)
TotalPageFile size 45953M (AvailPageFile size 26582M)
current process WorkingSet (physical memory assigned to process): 218M, peak: 236M
current process commit charge ("private bytes"): 252M, peak: 444M

vm_info: OpenJDK 64-Bit Server VM (17.0.10+0--11572160) for windows-amd64 JRE (17.0.10+0--11572160), built on Mar 13 2024 23:56:38 by "androidbuild" with MS VC++ 16.10 / 16.11 (VS2019)

END.
